2024-04-17T11:22:48.939+07:00  INFO 5200 --- [BackEndMyMusic] [restartedMain] c.e.b.BackEndMyMusicApplication          : Starting BackEndMyMusicApplication using Java 21.0.2 with PID 5200 (D:\javawweb_Ninhngoctuan\BackEndMyMusic\target\classes started by ninhn in D:\javawweb_Ninhngoctuan\BackEndMyMusic)
2024-04-17T11:22:48.942+07:00  INFO 5200 --- [BackEndMyMusic] [restartedMain] c.e.b.BackEndMyMusicApplication          : No active profile set, falling back to 1 default profile: "default"
2024-04-17T11:22:49.051+07:00  INFO 5200 --- [BackEndMyMusic] [restartedMain] .e.DevToolsPropertyDefaultsPostProcessor : Devtools property defaults active! Set 'spring.devtools.add-properties' to 'false' to disable
2024-04-17T11:22:49.053+07:00  INFO 5200 --- [BackEndMyMusic] [restartedMain] .e.DevToolsPropertyDefaultsPostProcessor : For additional web related logging consider setting the 'logging.level.web' property to 'DEBUG'
2024-04-17T11:22:50.505+07:00  INFO 5200 --- [BackEndMyMusic] [restartedMain] .s.d.r.c.RepositoryConfigurationDelegate : Multiple Spring Data modules found, entering strict repository configuration mode
2024-04-17T11:22:50.510+07:00  INFO 5200 --- [BackEndMyMusic] [restartedMain] .s.d.r.c.RepositoryConfigurationDelegate : Bootstrapping Spring Data JDBC repositories in DEFAULT mode.
2024-04-17T11:22:50.555+07:00  INFO 5200 --- [BackEndMyMusic] [restartedMain] .s.d.r.c.RepositoryConfigurationDelegate : Finished Spring Data repository scanning in 33 ms. Found 0 JDBC repository interfaces.
2024-04-17T11:22:50.600+07:00  INFO 5200 --- [BackEndMyMusic] [restartedMain] .s.d.r.c.RepositoryConfigurationDelegate : Multiple Spring Data modules found, entering strict repository configuration mode
2024-04-17T11:22:50.603+07:00  INFO 5200 --- [BackEndMyMusic] [restartedMain] .s.d.r.c.RepositoryConfigurationDelegate : Bootstrapping Spring Data JPA repositories in DEFAULT mode.
2024-04-17T11:22:50.649+07:00  INFO 5200 --- [BackEndMyMusic] [restartedMain] .s.d.r.c.RepositoryConfigurationDelegate : Finished Spring Data repository scanning in 3 ms. Found 0 JPA repository interfaces.
2024-04-17T11:22:52.106+07:00  INFO 5200 --- [BackEndMyMusic] [restartedMain] o.s.b.w.embedded.tomcat.TomcatWebServer  : Tomcat initialized with port 8080 (http)
2024-04-17T11:22:52.136+07:00  INFO 5200 --- [BackEndMyMusic] [restartedMain] o.apache.catalina.core.StandardService   : Starting service [Tomcat]
2024-04-17T11:22:52.137+07:00  INFO 5200 --- [BackEndMyMusic] [restartedMain] o.apache.catalina.core.StandardEngine    : Starting Servlet engine: [Apache Tomcat/10.1.19]
2024-04-17T11:22:52.240+07:00  INFO 5200 --- [BackEndMyMusic] [restartedMain] o.a.c.c.C.[Tomcat].[localhost].[/]       : Initializing Spring embedded WebApplicationContext
2024-04-17T11:22:52.242+07:00  INFO 5200 --- [BackEndMyMusic] [restartedMain] w.s.c.ServletWebServerApplicationContext : Root WebApplicationContext: initialization completed in 3187 ms
2024-04-17T11:22:52.587+07:00  INFO 5200 --- [BackEndMyMusic] [restartedMain] o.hibernate.jpa.internal.util.LogHelper  : HHH000204: Processing PersistenceUnitInfo [name: default]
2024-04-17T11:22:52.733+07:00  INFO 5200 --- [BackEndMyMusic] [restartedMain] org.hibernate.Version                    : HHH000412: Hibernate ORM core version 6.4.4.Final
2024-04-17T11:22:52.808+07:00  INFO 5200 --- [BackEndMyMusic] [restartedMain] o.h.c.internal.RegionFactoryInitiator    : HHH000026: Second-level cache disabled
2024-04-17T11:22:53.315+07:00  INFO 5200 --- [BackEndMyMusic] [restartedMain] o.s.o.j.p.SpringPersistenceUnitInfo      : No LoadTimeWeaver setup: ignoring JPA class transformer
2024-04-17T11:22:53.382+07:00  INFO 5200 --- [BackEndMyMusic] [restartedMain] com.zaxxer.hikari.HikariDataSource       : HikariPool-1 - Starting...
2024-04-17T11:22:54.186+07:00  INFO 5200 --- [BackEndMyMusic] [restartedMain] com.zaxxer.hikari.pool.HikariPool        : HikariPool-1 - Added connection ConnectionID:1 ClientConnectionId: 87850770-173f-416f-b850-6af159a0d4ab
2024-04-17T11:22:54.189+07:00  INFO 5200 --- [BackEndMyMusic] [restartedMain] com.zaxxer.hikari.HikariDataSource       : HikariPool-1 - Start completed.
2024-04-17T11:22:54.236+07:00  WARN 5200 --- [BackEndMyMusic] [restartedMain] org.hibernate.orm.deprecation            : HHH90000025: SQLServer2012Dialect does not need to be specified explicitly using 'hibernate.dialect' (remove the property setting and it will be selected by default)
2024-04-17T11:22:54.238+07:00  WARN 5200 --- [BackEndMyMusic] [restartedMain] org.hibernate.orm.deprecation            : HHH90000026: SQLServer2012Dialect has been deprecated; use org.hibernate.dialect.SQLServerDialect instead
2024-04-17T11:22:54.840+07:00  INFO 5200 --- [BackEndMyMusic] [restartedMain] o.h.e.t.j.p.i.JtaPlatformInitiator       : HHH000489: No JTA platform available (set 'hibernate.transaction.jta.platform' to enable JTA platform integration)
2024-04-17T11:22:54.847+07:00  INFO 5200 --- [BackEndMyMusic] [restartedMain] j.LocalContainerEntityManagerFactoryBean : Initialized JPA EntityManagerFactory for persistence unit 'default'
2024-04-17T11:22:54.910+07:00  WARN 5200 --- [BackEndMyMusic] [restartedMain] JpaBaseConfiguration$JpaWebConfiguration : spring.jpa.open-in-view is enabled by default. Therefore, database queries may be performed during view rendering. Explicitly configure spring.jpa.open-in-view to disable this warning
2024-04-17T11:22:55.581+07:00  WARN 5200 --- [BackEndMyMusic] [restartedMain] o.s.data.convert.CustomConversions       : Registering converter from class microsoft.sql.DateTimeOffset to class java.time.OffsetDateTime as reading converter although it doesn't convert from a store-supported type; You might want to check your annotation setup at the converter implementation
2024-04-17T11:22:55.803+07:00  INFO 5200 --- [BackEndMyMusic] [restartedMain] o.s.b.d.a.OptionalLiveReloadServer       : LiveReload server is running on port 35729
2024-04-17T11:22:55.841+07:00  INFO 5200 --- [BackEndMyMusic] [restartedMain] o.s.b.w.embedded.tomcat.TomcatWebServer  : Tomcat started on port 8080 (http) with context path ''
2024-04-17T11:22:55.850+07:00  INFO 5200 --- [BackEndMyMusic] [restartedMain] c.e.b.BackEndMyMusicApplication          : Started BackEndMyMusicApplication in 7.971 seconds (process running for 10.755)
2024-04-17T11:23:08.801+07:00  INFO 5200 --- [BackEndMyMusic] [File Watcher] rtingClassPathChangeChangedEventListener : Restarting due to 3 class path changes (0 additions, 2 deletions, 1 modification)
2024-04-17T11:23:08.824+07:00  INFO 5200 --- [BackEndMyMusic] [Thread-5] j.LocalContainerEntityManagerFactoryBean : Closing JPA EntityManagerFactory for persistence unit 'default'
2024-04-17T11:23:08.830+07:00  INFO 5200 --- [BackEndMyMusic] [Thread-5] com.zaxxer.hikari.HikariDataSource       : HikariPool-1 - Shutdown initiated...
2024-04-17T11:23:08.835+07:00  INFO 5200 --- [BackEndMyMusic] [Thread-5] com.zaxxer.hikari.HikariDataSource       : HikariPool-1 - Shutdown completed.
2024-04-17T11:23:09.091+07:00  INFO 5200 --- [BackEndMyMusic] [restartedMain] c.e.b.BackEndMyMusicApplication          : Starting BackEndMyMusicApplication using Java 21.0.2 with PID 5200 (D:\javawweb_Ninhngoctuan\BackEndMyMusic\target\classes started by ninhn in D:\javawweb_Ninhngoctuan\BackEndMyMusic)
2024-04-17T11:23:09.091+07:00  INFO 5200 --- [BackEndMyMusic] [restartedMain] c.e.b.BackEndMyMusicApplication          : No active profile set, falling back to 1 default profile: "default"
2024-04-17T11:23:09.575+07:00  INFO 5200 --- [BackEndMyMusic] [restartedMain] .s.d.r.c.RepositoryConfigurationDelegate : Multiple Spring Data modules found, entering strict repository configuration mode
2024-04-17T11:23:09.576+07:00  INFO 5200 --- [BackEndMyMusic] [restartedMain] .s.d.r.c.RepositoryConfigurationDelegate : Bootstrapping Spring Data JDBC repositories in DEFAULT mode.
2024-04-17T11:23:09.578+07:00  INFO 5200 --- [BackEndMyMusic] [restartedMain] .s.d.r.c.RepositoryConfigurationDelegate : Finished Spring Data repository scanning in 1 ms. Found 0 JDBC repository interfaces.
2024-04-17T11:23:09.585+07:00  INFO 5200 --- [BackEndMyMusic] [restartedMain] .s.d.r.c.RepositoryConfigurationDelegate : Multiple Spring Data modules found, entering strict repository configuration mode
2024-04-17T11:23:09.586+07:00  INFO 5200 --- [BackEndMyMusic] [restartedMain] .s.d.r.c.RepositoryConfigurationDelegate : Bootstrapping Spring Data JPA repositories in DEFAULT mode.
2024-04-17T11:23:09.587+07:00  INFO 5200 --- [BackEndMyMusic] [restartedMain] .s.d.r.c.RepositoryConfigurationDelegate : Finished Spring Data repository scanning in 0 ms. Found 0 JPA repository interfaces.
2024-04-17T11:23:09.823+07:00  INFO 5200 --- [BackEndMyMusic] [restartedMain] o.s.b.w.embedded.tomcat.TomcatWebServer  : Tomcat initialized with port 8080 (http)
2024-04-17T11:23:09.825+07:00  INFO 5200 --- [BackEndMyMusic] [restartedMain] o.apache.catalina.core.StandardService   : Starting service [Tomcat]
2024-04-17T11:23:09.827+07:00  INFO 5200 --- [BackEndMyMusic] [restartedMain] o.apache.catalina.core.StandardEngine    : Starting Servlet engine: [Apache Tomcat/10.1.19]
2024-04-17T11:23:09.875+07:00  INFO 5200 --- [BackEndMyMusic] [restartedMain] o.a.c.c.C.[Tomcat].[localhost].[/]       : Initializing Spring embedded WebApplicationContext
2024-04-17T11:23:09.876+07:00  INFO 5200 --- [BackEndMyMusic] [restartedMain] w.s.c.ServletWebServerApplicationContext : Root WebApplicationContext: initialization completed in 779 ms
2024-04-17T11:23:09.968+07:00  INFO 5200 --- [BackEndMyMusic] [restartedMain] o.hibernate.jpa.internal.util.LogHelper  : HHH000204: Processing PersistenceUnitInfo [name: default]
2024-04-17T11:23:09.976+07:00  INFO 5200 --- [BackEndMyMusic] [restartedMain] o.h.c.internal.RegionFactoryInitiator    : HHH000026: Second-level cache disabled
2024-04-17T11:23:09.987+07:00  INFO 5200 --- [BackEndMyMusic] [restartedMain] o.s.o.j.p.SpringPersistenceUnitInfo      : No LoadTimeWeaver setup: ignoring JPA class transformer
2024-04-17T11:23:09.989+07:00  INFO 5200 --- [BackEndMyMusic] [restartedMain] com.zaxxer.hikari.HikariDataSource       : HikariPool-2 - Starting...
2024-04-17T11:23:10.032+07:00  INFO 5200 --- [BackEndMyMusic] [restartedMain] com.zaxxer.hikari.pool.HikariPool        : HikariPool-2 - Added connection ConnectionID:11 ClientConnectionId: c267df45-7eb0-4be7-992d-7e3132e10166
2024-04-17T11:23:10.033+07:00  INFO 5200 --- [BackEndMyMusic] [restartedMain] com.zaxxer.hikari.HikariDataSource       : HikariPool-2 - Start completed.
2024-04-17T11:23:10.034+07:00  WARN 5200 --- [BackEndMyMusic] [restartedMain] org.hibernate.orm.deprecation            : HHH90000025: SQLServer2012Dialect does not need to be specified explicitly using 'hibernate.dialect' (remove the property setting and it will be selected by default)
2024-04-17T11:23:10.035+07:00  WARN 5200 --- [BackEndMyMusic] [restartedMain] org.hibernate.orm.deprecation            : HHH90000026: SQLServer2012Dialect has been deprecated; use org.hibernate.dialect.SQLServerDialect instead
2024-04-17T11:23:10.073+07:00  INFO 5200 --- [BackEndMyMusic] [restartedMain] o.h.e.t.j.p.i.JtaPlatformInitiator       : HHH000489: No JTA platform available (set 'hibernate.transaction.jta.platform' to enable JTA platform integration)
2024-04-17T11:23:10.073+07:00  INFO 5200 --- [BackEndMyMusic] [restartedMain] j.LocalContainerEntityManagerFactoryBean : Initialized JPA EntityManagerFactory for persistence unit 'default'
2024-04-17T11:23:10.130+07:00  WARN 5200 --- [BackEndMyMusic] [restartedMain] JpaBaseConfiguration$JpaWebConfiguration : spring.jpa.open-in-view is enabled by default. Therefore, database queries may be performed during view rendering. Explicitly configure spring.jpa.open-in-view to disable this warning
2024-04-17T11:23:10.371+07:00  WARN 5200 --- [BackEndMyMusic] [restartedMain] o.s.data.convert.CustomConversions       : Registering converter from class microsoft.sql.DateTimeOffset to class java.time.OffsetDateTime as reading converter although it doesn't convert from a store-supported type; You might want to check your annotation setup at the converter implementation
2024-04-17T11:23:10.472+07:00  INFO 5200 --- [BackEndMyMusic] [restartedMain] o.s.b.d.a.OptionalLiveReloadServer       : LiveReload server is running on port 35729
2024-04-17T11:23:10.501+07:00  INFO 5200 --- [BackEndMyMusic] [restartedMain] o.s.b.w.embedded.tomcat.TomcatWebServer  : Tomcat started on port 8080 (http) with context path ''
2024-04-17T11:23:10.509+07:00  INFO 5200 --- [BackEndMyMusic] [restartedMain] c.e.b.BackEndMyMusicApplication          : Started BackEndMyMusicApplication in 1.498 seconds (process running for 25.415)
2024-04-17T11:23:10.514+07:00  INFO 5200 --- [BackEndMyMusic] [restartedMain] .ConditionEvaluationDeltaLoggingListener : Condition evaluation unchanged
2024-04-17T11:23:13.922+07:00  INFO 5200 --- [BackEndMyMusic] [File Watcher] rtingClassPathChangeChangedEventListener : Restarting due to 2 class path changes (2 additions, 0 deletions, 0 modifications)
2024-04-17T11:23:13.935+07:00  INFO 5200 --- [BackEndMyMusic] [Thread-7] j.LocalContainerEntityManagerFactoryBean : Closing JPA EntityManagerFactory for persistence unit 'default'
2024-04-17T11:23:13.938+07:00  INFO 5200 --- [BackEndMyMusic] [Thread-7] com.zaxxer.hikari.HikariDataSource       : HikariPool-2 - Shutdown initiated...
2024-04-17T11:23:13.941+07:00  INFO 5200 --- [BackEndMyMusic] [Thread-7] com.zaxxer.hikari.HikariDataSource       : HikariPool-2 - Shutdown completed.
2024-04-17T11:23:14.126+07:00  INFO 5200 --- [BackEndMyMusic] [restartedMain] c.e.b.BackEndMyMusicApplication          : Starting BackEndMyMusicApplication using Java 21.0.2 with PID 5200 (D:\javawweb_Ninhngoctuan\BackEndMyMusic\target\classes started by ninhn in D:\javawweb_Ninhngoctuan\BackEndMyMusic)
2024-04-17T11:23:14.127+07:00  INFO 5200 --- [BackEndMyMusic] [restartedMain] c.e.b.BackEndMyMusicApplication          : No active profile set, falling back to 1 default profile: "default"
2024-04-17T11:23:14.588+07:00  INFO 5200 --- [BackEndMyMusic] [restartedMain] .s.d.r.c.RepositoryConfigurationDelegate : Multiple Spring Data modules found, entering strict repository configuration mode
2024-04-17T11:23:14.588+07:00  INFO 5200 --- [BackEndMyMusic] [restartedMain] .s.d.r.c.RepositoryConfigurationDelegate : Bootstrapping Spring Data JDBC repositories in DEFAULT mode.
2024-04-17T11:23:14.592+07:00  INFO 5200 --- [BackEndMyMusic] [restartedMain] .s.d.r.c.RepositoryConfigurationDelegate : Finished Spring Data repository scanning in 2 ms. Found 0 JDBC repository interfaces.
2024-04-17T11:23:14.600+07:00  INFO 5200 --- [BackEndMyMusic] [restartedMain] .s.d.r.c.RepositoryConfigurationDelegate : Multiple Spring Data modules found, entering strict repository configuration mode
2024-04-17T11:23:14.600+07:00  INFO 5200 --- [BackEndMyMusic] [restartedMain] .s.d.r.c.RepositoryConfigurationDelegate : Bootstrapping Spring Data JPA repositories in DEFAULT mode.
2024-04-17T11:23:14.603+07:00  INFO 5200 --- [BackEndMyMusic] [restartedMain] .s.d.r.c.RepositoryConfigurationDelegate : Finished Spring Data repository scanning in 2 ms. Found 0 JPA repository interfaces.
2024-04-17T11:23:14.814+07:00  INFO 5200 --- [BackEndMyMusic] [restartedMain] o.s.b.w.embedded.tomcat.TomcatWebServer  : Tomcat initialized with port 8080 (http)
2024-04-17T11:23:14.816+07:00  INFO 5200 --- [BackEndMyMusic] [restartedMain] o.apache.catalina.core.StandardService   : Starting service [Tomcat]
2024-04-17T11:23:14.816+07:00  INFO 5200 --- [BackEndMyMusic] [restartedMain] o.apache.catalina.core.StandardEngine    : Starting Servlet engine: [Apache Tomcat/10.1.19]
2024-04-17T11:23:14.874+07:00  INFO 5200 --- [BackEndMyMusic] [restartedMain] o.a.c.c.C.[Tomcat].[localhost].[/]       : Initializing Spring embedded WebApplicationContext
2024-04-17T11:23:14.874+07:00  INFO 5200 --- [BackEndMyMusic] [restartedMain] w.s.c.ServletWebServerApplicationContext : Root WebApplicationContext: initialization completed in 742 ms
2024-04-17T11:23:14.962+07:00  INFO 5200 --- [BackEndMyMusic] [restartedMain] o.hibernate.jpa.internal.util.LogHelper  : HHH000204: Processing PersistenceUnitInfo [name: default]
2024-04-17T11:23:14.969+07:00  INFO 5200 --- [BackEndMyMusic] [restartedMain] o.h.c.internal.RegionFactoryInitiator    : HHH000026: Second-level cache disabled
2024-04-17T11:23:14.980+07:00  INFO 5200 --- [BackEndMyMusic] [restartedMain] o.s.o.j.p.SpringPersistenceUnitInfo      : No LoadTimeWeaver setup: ignoring JPA class transformer
2024-04-17T11:23:14.983+07:00  INFO 5200 --- [BackEndMyMusic] [restartedMain] com.zaxxer.hikari.HikariDataSource       : HikariPool-3 - Starting...
2024-04-17T11:23:15.030+07:00  INFO 5200 --- [BackEndMyMusic] [restartedMain] com.zaxxer.hikari.pool.HikariPool        : HikariPool-3 - Added connection ConnectionID:21 ClientConnectionId: fa5c1e78-ce92-4910-8cfd-85665752f77b
2024-04-17T11:23:15.031+07:00  INFO 5200 --- [BackEndMyMusic] [restartedMain] com.zaxxer.hikari.HikariDataSource       : HikariPool-3 - Start completed.
2024-04-17T11:23:15.032+07:00  WARN 5200 --- [BackEndMyMusic] [restartedMain] org.hibernate.orm.deprecation            : HHH90000025: SQLServer2012Dialect does not need to be specified explicitly using 'hibernate.dialect' (remove the property setting and it will be selected by default)
2024-04-17T11:23:15.033+07:00  WARN 5200 --- [BackEndMyMusic] [restartedMain] org.hibernate.orm.deprecation            : HHH90000026: SQLServer2012Dialect has been deprecated; use org.hibernate.dialect.SQLServerDialect instead
2024-04-17T11:23:15.076+07:00  INFO 5200 --- [BackEndMyMusic] [restartedMain] o.h.e.t.j.p.i.JtaPlatformInitiator       : HHH000489: No JTA platform available (set 'hibernate.transaction.jta.platform' to enable JTA platform integration)
2024-04-17T11:23:15.077+07:00  INFO 5200 --- [BackEndMyMusic] [restartedMain] j.LocalContainerEntityManagerFactoryBean : Initialized JPA EntityManagerFactory for persistence unit 'default'
2024-04-17T11:23:15.134+07:00  WARN 5200 --- [BackEndMyMusic] [restartedMain] JpaBaseConfiguration$JpaWebConfiguration : spring.jpa.open-in-view is enabled by default. Therefore, database queries may be performed during view rendering. Explicitly configure spring.jpa.open-in-view to disable this warning
2024-04-17T11:23:15.368+07:00  WARN 5200 --- [BackEndMyMusic] [restartedMain] o.s.data.convert.CustomConversions       : Registering converter from class microsoft.sql.DateTimeOffset to class java.time.OffsetDateTime as reading converter although it doesn't convert from a store-supported type; You might want to check your annotation setup at the converter implementation
2024-04-17T11:23:15.452+07:00  INFO 5200 --- [BackEndMyMusic] [restartedMain] o.s.b.d.a.OptionalLiveReloadServer       : LiveReload server is running on port 35729
2024-04-17T11:23:15.494+07:00  INFO 5200 --- [BackEndMyMusic] [restartedMain] o.s.b.w.embedded.tomcat.TomcatWebServer  : Tomcat started on port 8080 (http) with context path ''
2024-04-17T11:23:15.503+07:00  INFO 5200 --- [BackEndMyMusic] [restartedMain] c.e.b.BackEndMyMusicApplication          : Started BackEndMyMusicApplication in 1.431 seconds (process running for 30.409)
2024-04-17T11:23:15.505+07:00  INFO 5200 --- [BackEndMyMusic] [restartedMain] .ConditionEvaluationDeltaLoggingListener : Condition evaluation unchanged
2024-04-17T11:23:30.206+07:00  INFO 5200 --- [BackEndMyMusic] [File Watcher] rtingClassPathChangeChangedEventListener : Restarting due to 1 class path change (0 additions, 0 deletions, 1 modification)
2024-04-17T11:23:30.223+07:00  INFO 5200 --- [BackEndMyMusic] [Thread-11] j.LocalContainerEntityManagerFactoryBean : Closing JPA EntityManagerFactory for persistence unit 'default'
2024-04-17T11:23:30.227+07:00  INFO 5200 --- [BackEndMyMusic] [Thread-11] com.zaxxer.hikari.HikariDataSource       : HikariPool-3 - Shutdown initiated...
2024-04-17T11:23:30.231+07:00  INFO 5200 --- [BackEndMyMusic] [Thread-11] com.zaxxer.hikari.HikariDataSource       : HikariPool-3 - Shutdown completed.
2024-04-17T11:23:30.432+07:00  INFO 5200 --- [BackEndMyMusic] [restartedMain] c.e.b.BackEndMyMusicApplication          : Starting BackEndMyMusicApplication using Java 21.0.2 with PID 5200 (D:\javawweb_Ninhngoctuan\BackEndMyMusic\target\classes started by ninhn in D:\javawweb_Ninhngoctuan\BackEndMyMusic)
2024-04-17T11:23:30.433+07:00  INFO 5200 --- [BackEndMyMusic] [restartedMain] c.e.b.BackEndMyMusicApplication          : No active profile set, falling back to 1 default profile: "default"
2024-04-17T11:23:30.764+07:00  INFO 5200 --- [BackEndMyMusic] [restartedMain] .s.d.r.c.RepositoryConfigurationDelegate : Multiple Spring Data modules found, entering strict repository configuration mode
2024-04-17T11:23:30.764+07:00  INFO 5200 --- [BackEndMyMusic] [restartedMain] .s.d.r.c.RepositoryConfigurationDelegate : Bootstrapping Spring Data JDBC repositories in DEFAULT mode.
2024-04-17T11:23:30.767+07:00  INFO 5200 --- [BackEndMyMusic] [restartedMain] .s.d.r.c.RepositoryConfigurationDelegate : Finished Spring Data repository scanning in 2 ms. Found 0 JDBC repository interfaces.
2024-04-17T11:23:30.774+07:00  INFO 5200 --- [BackEndMyMusic] [restartedMain] .s.d.r.c.RepositoryConfigurationDelegate : Multiple Spring Data modules found, entering strict repository configuration mode
2024-04-17T11:23:30.775+07:00  INFO 5200 --- [BackEndMyMusic] [restartedMain] .s.d.r.c.RepositoryConfigurationDelegate : Bootstrapping Spring Data JPA repositories in DEFAULT mode.
2024-04-17T11:23:30.777+07:00  INFO 5200 --- [BackEndMyMusic] [restartedMain] .s.d.r.c.RepositoryConfigurationDelegate : Finished Spring Data repository scanning in 2 ms. Found 0 JPA repository interfaces.
2024-04-17T11:23:30.985+07:00  INFO 5200 --- [BackEndMyMusic] [restartedMain] o.s.b.w.embedded.tomcat.TomcatWebServer  : Tomcat initialized with port 8080 (http)
2024-04-17T11:23:30.986+07:00  INFO 5200 --- [BackEndMyMusic] [restartedMain] o.apache.catalina.core.StandardService   : Starting service [Tomcat]
2024-04-17T11:23:30.987+07:00  INFO 5200 --- [BackEndMyMusic] [restartedMain] o.apache.catalina.core.StandardEngine    : Starting Servlet engine: [Apache Tomcat/10.1.19]
2024-04-17T11:23:31.030+07:00  INFO 5200 --- [BackEndMyMusic] [restartedMain] o.a.c.c.C.[Tomcat].[localhost].[/]       : Initializing Spring embedded WebApplicationContext
2024-04-17T11:23:31.030+07:00  INFO 5200 --- [BackEndMyMusic] [restartedMain] w.s.c.ServletWebServerApplicationContext : Root WebApplicationContext: initialization completed in 593 ms
2024-04-17T11:23:31.101+07:00  INFO 5200 --- [BackEndMyMusic] [restartedMain] o.hibernate.jpa.internal.util.LogHelper  : HHH000204: Processing PersistenceUnitInfo [name: default]
2024-04-17T11:23:31.107+07:00  INFO 5200 --- [BackEndMyMusic] [restartedMain] o.h.c.internal.RegionFactoryInitiator    : HHH000026: Second-level cache disabled
2024-04-17T11:23:31.116+07:00  INFO 5200 --- [BackEndMyMusic] [restartedMain] o.s.o.j.p.SpringPersistenceUnitInfo      : No LoadTimeWeaver setup: ignoring JPA class transformer
2024-04-17T11:23:31.117+07:00  INFO 5200 --- [BackEndMyMusic] [restartedMain] com.zaxxer.hikari.HikariDataSource       : HikariPool-4 - Starting...
2024-04-17T11:23:31.157+07:00  INFO 5200 --- [BackEndMyMusic] [restartedMain] com.zaxxer.hikari.pool.HikariPool        : HikariPool-4 - Added connection ConnectionID:31 ClientConnectionId: fa32eeb0-0da9-400c-8f17-f23246115ad8
2024-04-17T11:23:31.158+07:00  INFO 5200 --- [BackEndMyMusic] [restartedMain] com.zaxxer.hikari.HikariDataSource       : HikariPool-4 - Start completed.
2024-04-17T11:23:31.159+07:00  WARN 5200 --- [BackEndMyMusic] [restartedMain] org.hibernate.orm.deprecation            : HHH90000025: SQLServer2012Dialect does not need to be specified explicitly using 'hibernate.dialect' (remove the property setting and it will be selected by default)
2024-04-17T11:23:31.159+07:00  WARN 5200 --- [BackEndMyMusic] [restartedMain] org.hibernate.orm.deprecation            : HHH90000026: SQLServer2012Dialect has been deprecated; use org.hibernate.dialect.SQLServerDialect instead
2024-04-17T11:23:31.182+07:00  INFO 5200 --- [BackEndMyMusic] [restartedMain] o.h.e.t.j.p.i.JtaPlatformInitiator       : HHH000489: No JTA platform available (set 'hibernate.transaction.jta.platform' to enable JTA platform integration)
2024-04-17T11:23:31.183+07:00  INFO 5200 --- [BackEndMyMusic] [restartedMain] j.LocalContainerEntityManagerFactoryBean : Initialized JPA EntityManagerFactory for persistence unit 'default'
2024-04-17T11:23:31.213+07:00  WARN 5200 --- [BackEndMyMusic] [restartedMain] JpaBaseConfiguration$JpaWebConfiguration : spring.jpa.open-in-view is enabled by default. Therefore, database queries may be performed during view rendering. Explicitly configure spring.jpa.open-in-view to disable this warning
2024-04-17T11:23:31.406+07:00  WARN 5200 --- [BackEndMyMusic] [restartedMain] o.s.data.convert.CustomConversions       : Registering converter from class microsoft.sql.DateTimeOffset to class java.time.OffsetDateTime as reading converter although it doesn't convert from a store-supported type; You might want to check your annotation setup at the converter implementation
2024-04-17T11:23:31.488+07:00  INFO 5200 --- [BackEndMyMusic] [restartedMain] o.s.b.d.a.OptionalLiveReloadServer       : LiveReload server is running on port 35729
2024-04-17T11:23:31.514+07:00  INFO 5200 --- [BackEndMyMusic] [restartedMain] o.s.b.w.embedded.tomcat.TomcatWebServer  : Tomcat started on port 8080 (http) with context path ''
2024-04-17T11:23:31.522+07:00  INFO 5200 --- [BackEndMyMusic] [restartedMain] c.e.b.BackEndMyMusicApplication          : Started BackEndMyMusicApplication in 1.135 seconds (process running for 46.428)
2024-04-17T11:23:31.525+07:00  INFO 5200 --- [BackEndMyMusic] [restartedMain] .ConditionEvaluationDeltaLoggingListener : Condition evaluation unchanged
2024-04-17T11:23:43.082+07:00  INFO 5200 --- [BackEndMyMusic] [File Watcher] rtingClassPathChangeChangedEventListener : Restarting due to 1 class path change (0 additions, 0 deletions, 1 modification)
2024-04-17T11:23:43.097+07:00  INFO 5200 --- [BackEndMyMusic] [Thread-15] j.LocalContainerEntityManagerFactoryBean : Closing JPA EntityManagerFactory for persistence unit 'default'
2024-04-17T11:23:43.099+07:00  INFO 5200 --- [BackEndMyMusic] [Thread-15] com.zaxxer.hikari.HikariDataSource       : HikariPool-4 - Shutdown initiated...
2024-04-17T11:23:43.103+07:00  INFO 5200 --- [BackEndMyMusic] [Thread-15] com.zaxxer.hikari.HikariDataSource       : HikariPool-4 - Shutdown completed.
2024-04-17T11:23:43.347+07:00  INFO 5200 --- [BackEndMyMusic] [restartedMain] c.e.b.BackEndMyMusicApplication          : Starting BackEndMyMusicApplication using Java 21.0.2 with PID 5200 (D:\javawweb_Ninhngoctuan\BackEndMyMusic\target\classes started by ninhn in D:\javawweb_Ninhngoctuan\BackEndMyMusic)
2024-04-17T11:23:43.347+07:00  INFO 5200 --- [BackEndMyMusic] [restartedMain] c.e.b.BackEndMyMusicApplication          : No active profile set, falling back to 1 default profile: "default"
2024-04-17T11:23:43.822+07:00  INFO 5200 --- [BackEndMyMusic] [restartedMain] .s.d.r.c.RepositoryConfigurationDelegate : Multiple Spring Data modules found, entering strict repository configuration mode
2024-04-17T11:23:43.822+07:00  INFO 5200 --- [BackEndMyMusic] [restartedMain] .s.d.r.c.RepositoryConfigurationDelegate : Bootstrapping Spring Data JDBC repositories in DEFAULT mode.
2024-04-17T11:23:43.826+07:00  INFO 5200 --- [BackEndMyMusic] [restartedMain] .s.d.r.c.RepositoryConfigurationDelegate : Finished Spring Data repository scanning in 3 ms. Found 0 JDBC repository interfaces.
2024-04-17T11:23:43.836+07:00  INFO 5200 --- [BackEndMyMusic] [restartedMain] .s.d.r.c.RepositoryConfigurationDelegate : Multiple Spring Data modules found, entering strict repository configuration mode
2024-04-17T11:23:43.836+07:00  INFO 5200 --- [BackEndMyMusic] [restartedMain] .s.d.r.c.RepositoryConfigurationDelegate : Bootstrapping Spring Data JPA repositories in DEFAULT mode.
2024-04-17T11:23:43.839+07:00  INFO 5200 --- [BackEndMyMusic] [restartedMain] .s.d.r.c.RepositoryConfigurationDelegate : Finished Spring Data repository scanning in 2 ms. Found 0 JPA repository interfaces.
2024-04-17T11:23:44.054+07:00  INFO 5200 --- [BackEndMyMusic] [restartedMain] o.s.b.w.embedded.tomcat.TomcatWebServer  : Tomcat initialized with port 8080 (http)
2024-04-17T11:23:44.055+07:00  INFO 5200 --- [BackEndMyMusic] [restartedMain] o.apache.catalina.core.StandardService   : Starting service [Tomcat]
2024-04-17T11:23:44.056+07:00  INFO 5200 --- [BackEndMyMusic] [restartedMain] o.apache.catalina.core.StandardEngine    : Starting Servlet engine: [Apache Tomcat/10.1.19]
2024-04-17T11:23:44.127+07:00  INFO 5200 --- [BackEndMyMusic] [restartedMain] o.a.c.c.C.[Tomcat].[localhost].[/]       : Initializing Spring embedded WebApplicationContext
2024-04-17T11:23:44.128+07:00  INFO 5200 --- [BackEndMyMusic] [restartedMain] w.s.c.ServletWebServerApplicationContext : Root WebApplicationContext: initialization completed in 776 ms
2024-04-17T11:23:44.223+07:00  INFO 5200 --- [BackEndMyMusic] [restartedMain] o.hibernate.jpa.internal.util.LogHelper  : HHH000204: Processing PersistenceUnitInfo [name: default]
2024-04-17T11:23:44.235+07:00  INFO 5200 --- [BackEndMyMusic] [restartedMain] o.h.c.internal.RegionFactoryInitiator    : HHH000026: Second-level cache disabled
2024-04-17T11:23:44.245+07:00  INFO 5200 --- [BackEndMyMusic] [restartedMain] o.s.o.j.p.SpringPersistenceUnitInfo      : No LoadTimeWeaver setup: ignoring JPA class transformer
2024-04-17T11:23:44.247+07:00  INFO 5200 --- [BackEndMyMusic] [restartedMain] com.zaxxer.hikari.HikariDataSource       : HikariPool-5 - Starting...
2024-04-17T11:23:44.289+07:00  INFO 5200 --- [BackEndMyMusic] [restartedMain] com.zaxxer.hikari.pool.HikariPool        : HikariPool-5 - Added connection ConnectionID:41 ClientConnectionId: 11f6bf4d-8c6c-4177-ab23-456264e0d74e
2024-04-17T11:23:44.289+07:00  INFO 5200 --- [BackEndMyMusic] [restartedMain] com.zaxxer.hikari.HikariDataSource       : HikariPool-5 - Start completed.
2024-04-17T11:23:44.291+07:00  WARN 5200 --- [BackEndMyMusic] [restartedMain] org.hibernate.orm.deprecation            : HHH90000025: SQLServer2012Dialect does not need to be specified explicitly using 'hibernate.dialect' (remove the property setting and it will be selected by default)
2024-04-17T11:23:44.291+07:00  WARN 5200 --- [BackEndMyMusic] [restartedMain] org.hibernate.orm.deprecation            : HHH90000026: SQLServer2012Dialect has been deprecated; use org.hibernate.dialect.SQLServerDialect instead
2024-04-17T11:23:44.326+07:00  INFO 5200 --- [BackEndMyMusic] [restartedMain] o.h.e.t.j.p.i.JtaPlatformInitiator       : HHH000489: No JTA platform available (set 'hibernate.transaction.jta.platform' to enable JTA platform integration)
2024-04-17T11:23:44.326+07:00  INFO 5200 --- [BackEndMyMusic] [restartedMain] j.LocalContainerEntityManagerFactoryBean : Initialized JPA EntityManagerFactory for persistence unit 'default'
2024-04-17T11:23:44.378+07:00  WARN 5200 --- [BackEndMyMusic] [restartedMain] JpaBaseConfiguration$JpaWebConfiguration : spring.jpa.open-in-view is enabled by default. Therefore, database queries may be performed during view rendering. Explicitly configure spring.jpa.open-in-view to disable this warning
2024-04-17T11:23:44.622+07:00  WARN 5200 --- [BackEndMyMusic] [restartedMain] o.s.data.convert.CustomConversions       : Registering converter from class microsoft.sql.DateTimeOffset to class java.time.OffsetDateTime as reading converter although it doesn't convert from a store-supported type; You might want to check your annotation setup at the converter implementation
2024-04-17T11:23:44.718+07:00  INFO 5200 --- [BackEndMyMusic] [restartedMain] o.s.b.d.a.OptionalLiveReloadServer       : LiveReload server is running on port 35729
2024-04-17T11:23:44.746+07:00  INFO 5200 --- [BackEndMyMusic] [restartedMain] o.s.b.w.embedded.tomcat.TomcatWebServer  : Tomcat started on port 8080 (http) with context path ''
2024-04-17T11:23:44.757+07:00  INFO 5200 --- [BackEndMyMusic] [restartedMain] c.e.b.BackEndMyMusicApplication          : Started BackEndMyMusicApplication in 1.48 seconds (process running for 59.663)
2024-04-17T11:23:44.760+07:00  INFO 5200 --- [BackEndMyMusic] [restartedMain] .ConditionEvaluationDeltaLoggingListener : Condition evaluation unchanged
2024-04-17T11:23:44.970+07:00  INFO 5200 --- [BackEndMyMusic] [http-nio-8080-exec-1] o.a.c.c.C.[Tomcat].[localhost].[/]       : Initializing Spring DispatcherServlet 'dispatcherServlet'
2024-04-17T11:23:44.971+07:00  INFO 5200 --- [BackEndMyMusic] [http-nio-8080-exec-1] o.s.web.servlet.DispatcherServlet        : Initializing Servlet 'dispatcherServlet'
2024-04-17T11:23:44.973+07:00  INFO 5200 --- [BackEndMyMusic] [http-nio-8080-exec-1] o.s.web.servlet.DispatcherServlet        : Completed initialization in 2 ms
2024-04-17T11:23:50.992+07:00  INFO 5200 --- [BackEndMyMusic] [SpringApplicationShutdownHook] j.LocalContainerEntityManagerFactoryBean : Closing JPA EntityManagerFactory for persistence unit 'default'
2024-04-17T11:23:50.994+07:00  INFO 5200 --- [BackEndMyMusic] [SpringApplicationShutdownHook] com.zaxxer.hikari.HikariDataSource       : HikariPool-5 - Shutdown initiated...
2024-04-17T11:23:50.996+07:00  INFO 5200 --- [BackEndMyMusic] [SpringApplicationShutdownHook] com.zaxxer.hikari.HikariDataSource       : HikariPool-5 - Shutdown completed.
